d:\dev\visual studio projekte\engine\bin\bin-int\debug\x64\vc142.pdb
d:\dev\visual studio projekte\engine\bin\bin-int\debug\x64\vc142.idb
d:\dev\visual studio projekte\engine\bin\bin-int\debug\x64\enpch.obj
d:\dev\visual studio projekte\engine\bin\bin-int\debug\x64\windowswindow.obj
d:\dev\visual studio projekte\engine\bin\bin-int\debug\x64\eventdispatcher.obj
d:\dev\visual studio projekte\engine\bin\bin-int\debug\x64\log.obj
d:\dev\visual studio projekte\engine\bin\bin-int\debug\x64\layerstack.obj
d:\dev\visual studio projekte\engine\bin\bin-int\debug\x64\layer.obj
d:\dev\visual studio projekte\engine\bin\bin-int\debug\x64\entrypoint.obj
d:\dev\visual studio projekte\engine\bin\bin-int\debug\x64\application.obj
d:\dev\visual studio projekte\engine\bin\bin-int\debug\x64\engine.pch
d:\dev\visual studio projekte\engine\bin\bin\debug\x64\engine.exe
d:\dev\visual studio projekte\engine\bin\bin\debug\x64\engine.ilk
d:\dev\visual studio projekte\engine\bin\bin\debug\x64\engine.pdb
d:\dev\visual studio projekte\engine\bin\bin-int\debug\x64\engine.tlog\cl.command.1.tlog
d:\dev\visual studio projekte\engine\bin\bin-int\debug\x64\engine.tlog\cl.read.1.tlog
d:\dev\visual studio projekte\engine\bin\bin-int\debug\x64\engine.tlog\cl.write.1.tlog
d:\dev\visual studio projekte\engine\bin\bin-int\debug\x64\engine.tlog\link.command.1.tlog
d:\dev\visual studio projekte\engine\bin\bin-int\debug\x64\engine.tlog\link.read.1.tlog
d:\dev\visual studio projekte\engine\bin\bin-int\debug\x64\engine.tlog\link.write.1.tlog
